#
# There is insufficient memory for the Java Runtime Environment to continue.
# Native memory allocation (malloc) failed to allocate 32744 bytes for ChunkPool::allocate
# Possible reasons:
#   The system is out of physical RAM or swap space
#   The process is running with CompressedOops enabled, and the Java Heap may be blocking the growth of the native heap
# Possible solutions:
#   Reduce memory load on the system
#   Increase physical memory or swap space
#   Check if swap backing store is full
#   Decrease Java heap size (-Xmx/-Xms)
#   Decrease number of Java threads
#   Decrease Java thread stack sizes (-Xss)
#   Set larger code cache with -XX:ReservedCodeCacheSize=
#   JVM is running with Unscaled Compressed Oops mode in which the Java heap is
#     placed in the first 4GB address space. The Java Heap base address is the
#     maximum limit for the native heap growth. Please use -XX:HeapBaseMinAddress
#     to set the Java Heap base and to place the Java Heap above 4GB virtual address.
# This output file may be truncated or incomplete.
#
#  Out of Memory Error (./src/hotspot/share/memory/arena.cpp:81), pid=14080, tid=27600
#
# JRE version: OpenJDK Runtime Environment Temurin-11.0.15+10 (11.0.15+10) (build 11.0.15+10)
# Java VM: OpenJDK 64-Bit Server VM Temurin-11.0.15+10 (11.0.15+10, mixed mode, tiered, compressed oops, g1 gc, windows-amd64)
# No core dump will be written. Minidumps are not enabled by default on client versions of Windows
#

---------------  S U M M A R Y ------------

Command Line: C:\Users\white\AppData\Local\Temp\surefire1254729964904191294\surefirebooter-20221221144323490_3.jar C:\Users\white\AppData\Local\Temp\surefire1254729964904191294 2022-12-21T14-43-22_246-jvmRun1 surefire-20221221144323490_1tmp surefire_0-20221221144323490_2tmp

Host: Intel(R) Core(TM) i5-7300U CPU @ 2.60GHz, 4 cores, 7G,  Windows 10 , 64 bit Build 19041 (10.0.19041.2251)
Time: Wed Dec 21 14:46:51 2022 India Standard Time elapsed time: 207.910618 seconds (0d 0h 3m 27s)

---------------  T H R E A D  ---------------

Current thread (0x000001fffebeb800):  JavaThread "C2 CompilerThread0" daemon [_thread_in_native, id=27600, stack(0x0000002cbc000000,0x0000002cbc100000)]


Current CompileTask:
C2: 207910 4839       4       java.lang.invoke.MethodType::makeImpl (108 bytes)

Stack: [0x0000002cbc000000,0x0000002cbc100000]
Native frames: (J=compiled Java code, j=interpreted, Vv=VM code, C=native code)
V  [jvm.dll+0x61e72a]
V  [jvm.dll+0x7aae49]
V  [jvm.dll+0x7ac538]
V  [jvm.dll+0x7acc13]
V  [jvm.dll+0x24fb28]
V  [jvm.dll+0xc288b]
V  [jvm.dll+0xc2bec]
V  [jvm.dll+0x35e95b]
V  [jvm.dll+0x513b26]
V  [jvm.dll+0x512ca0]
V  [jvm.dll+0x513542]
V  [jvm.dll+0x325cd2]
V  [jvm.dll+0x324fda]
V  [jvm.dll+0x208d75]
V  [jvm.dll+0x207f5d]
V  [jvm.dll+0x18a361]
V  [jvm.dll+0x2178a4]
V  [jvm.dll+0x215aeb]
V  [jvm.dll+0x76d950]
V  [jvm.dll+0x7668b4]
V  [jvm.dll+0x61d586]
C  [ucrtbase.dll+0x21bb2]
C  [KERNEL32.DLL+0x174b4]
C  [ntdll.dll+0x526a1]


---------------  P R O C E S S  ---------------

Threads class SMR info:
_java_thread_list=0x000001ff934c6580, length=45, elements={
0x000001fff33ed800, 0x000001fffebc9800, 0x000001fffebd3000, 0x000001fffebe4800,
0x000001fffebe5000, 0x000001fffebe7800, 0x000001fffebeb800, 0x000001fffebf8000,
0x000001fffec07800, 0x000001ffff6aa000, 0x000001ff93108800, 0x000001ff93219800,
0x000001ff934ad800, 0x000001ff93aaa800, 0x000001ff93c9a800, 0x000001ff93fd1800,
0x000001ff93d1f800, 0x000001ff93a06000, 0x000001ff93d57000, 0x000001ff93d53000,
0x000001ff93d58000, 0x000001ff93d54000, 0x000001ff93d56800, 0x000001ff93d52800,
0x000001ff93d59000, 0x000001ff93d54800, 0x000001ff93d55800, 0x000001ffff7e1800,
0x000001ffff7e3800, 0x000001ffff7e5800, 0x000001ffff7e6000, 0x000001ffff7e0800,
0x000001ffff7e3000, 0x000001ffff7e2000, 0x000001ffff7e8000, 0x000001ffff7e8800,
0x000001ffff7ea800, 0x000001ffff7ec000, 0x000001ffff7ec800, 0x000001ffff7e9800,
0x000001ffff7eb000, 0x000001ffff7e7000, 0x000001ffff7ef000, 0x000001ffff7ed800,
0x000001ffff7ee800
}

Java Threads: ( => current thread )
  0x000001fff33ed800 JavaThread "Forwarding quit on session ca4bdc6c0b36607db6bd05831111f5f6 to remote" [_thread_blocked, id=33452, stack(0x0000002cbb400000,0x0000002cbb500000)]
  0x000001fffebc9800 JavaThread "Reference Handler" daemon [_thread_blocked, id=27436, stack(0x0000002cbbb00000,0x0000002cbbc00000)]
  0x000001fffebd3000 JavaThread "Finalizer" daemon [_thread_blocked, id=33228, stack(0x0000002cbbc00000,0x0000002cbbd00000)]
  0x000001fffebe4800 JavaThread "Signal Dispatcher" daemon [_thread_blocked, id=25344, stack(0x0000002cbbd00000,0x0000002cbbe00000)]
  0x000001fffebe5000 JavaThread "Attach Listener" daemon [_thread_blocked, id=29684, stack(0x0000002cbbe00000,0x0000002cbbf00000)]
  0x000001fffebe7800 JavaThread "Service Thread" daemon [_thread_blocked, id=31772, stack(0x0000002cbbf00000,0x0000002cbc000000)]
=>0x000001fffebeb800 JavaThread "C2 CompilerThread0" daemon [_thread_in_native, id=27600, stack(0x0000002cbc000000,0x0000002cbc100000)]
  0x000001fffebf8000 JavaThread "C1 CompilerThread0" daemon [_thread_blocked, id=36988, stack(0x0000002cbc100000,0x0000002cbc200000)]
  0x000001fffec07800 JavaThread "Sweeper thread" daemon [_thread_blocked, id=32652, stack(0x0000002cbc200000,0x0000002cbc300000)]
  0x000001ffff6aa000 JavaThread "Common-Cleaner" daemon [_thread_blocked, id=38436, stack(0x0000002cbc400000,0x0000002cbc500000)]
  0x000001ff93108800 JavaThread "surefire-forkedjvm-stream-flusher" daemon [_thread_blocked, id=12372, stack(0x0000002cbc500000,0x0000002cbc600000)]
  0x000001ff93219800 JavaThread "surefire-forkedjvm-command-thread" daemon [_thread_in_native, id=32236, stack(0x0000002cbc600000,0x0000002cbc700000)]
  0x000001ff934ad800 JavaThread "ForkJoinPool.commonPool-worker-3" daemon [_thread_blocked, id=33264, stack(0x0000002cbcb00000,0x0000002cbcc00000)]
  0x000001ff93aaa800 JavaThread "AsyncHttpClient-1-1" daemon [_thread_blocked, id=14712, stack(0x0000002cbcc00000,0x0000002cbcd00000)]
  0x000001ff93c9a800 JavaThread "Exec Default Executor" daemon [_thread_in_native, id=36976, stack(0x0000002cbcd00000,0x0000002cbce00000)]
  0x000001ff93fd1800 JavaThread "Driver Service Executor" daemon [_thread_blocked, id=20412, stack(0x0000002cbce00000,0x0000002cbcf00000)]
  0x000001ff93d1f800 JavaThread "Driver Service Executor" daemon [_thread_blocked, id=34628, stack(0x0000002cbcf00000,0x0000002cbd000000)]
  0x000001ff93a06000 JavaThread "Exec Stream Pumper" daemon [_thread_in_native, id=19720, stack(0x0000002cbd200000,0x0000002cbd300000)]
  0x000001ff93d57000 JavaThread "Exec Stream Pumper" daemon [_thread_in_native, id=3080, stack(0x0000002cbd300000,0x0000002cbd400000)]
  0x000001ff93d53000 JavaThread "AsyncHttpClient-1-2" daemon [_thread_in_native, id=28428, stack(0x0000002cbc900000,0x0000002cbca00000)]
  0x000001ff93d58000 JavaThread "AsyncHttpClient-1-3" daemon [_thread_in_native, id=35960, stack(0x0000002cbd400000,0x0000002cbd500000)]
  0x000001ff93d54000 JavaThread "AsyncHttpClient-1-4" daemon [_thread_in_native, id=39644, stack(0x0000002cbd500000,0x0000002cbd600000)]
  0x000001ff93d56800 JavaThread "Exec Default Executor" daemon [_thread_in_native, id=18920, stack(0x0000002cbca00000,0x0000002cbcb00000)]
  0x000001ff93d52800 JavaThread "Driver Service Executor" daemon [_thread_blocked, id=36860, stack(0x0000002cbd600000,0x0000002cbd700000)]
  0x000001ff93d59000 JavaThread "Driver Service Executor" daemon [_thread_blocked, id=31248, stack(0x0000002cbd700000,0x0000002cbd800000)]
  0x000001ff93d54800 JavaThread "Exec Stream Pumper" daemon [_thread_in_native, id=26436, stack(0x0000002cbd800000,0x0000002cbd900000)]
  0x000001ff93d55800 JavaThread "Exec Stream Pumper" daemon [_thread_in_native, id=20916, stack(0x0000002cbd900000,0x0000002cbda00000)]
  0x000001ffff7e1800 JavaThread "AsyncHttpClient-1-5" daemon [_thread_in_native, id=39588, stack(0x0000002cbdb00000,0x0000002cbdc00000)]
  0x000001ffff7e3800 JavaThread "AsyncHttpClient-1-6" daemon [_thread_in_native, id=36596, stack(0x0000002cbdc00000,0x0000002cbdd00000)]
  0x000001ffff7e5800 JavaThread "AsyncHttpClient-1-7" daemon [_thread_in_native, id=39324, stack(0x0000002cbdd00000,0x0000002cbde00000)]
  0x000001ffff7e6000 JavaThread "Exec Default Executor" daemon [_thread_in_native, id=35524, stack(0x0000002cbb100000,0x0000002cbb200000)]
  0x000001ffff7e0800 JavaThread "Driver Service Executor" daemon [_thread_blocked, id=37356, stack(0x0000002cbb200000,0x0000002cbb300000)]
  0x000001ffff7e3000 JavaThread "Driver Service Executor" daemon [_thread_blocked, id=28624, stack(0x0000002cbb300000,0x0000002cbb400000)]
  0x000001ffff7e2000 JavaThread "UrlChecker-3" daemon [_thread_blocked, id=34336, stack(0x0000002cbd000000,0x0000002cbd100000)]
  0x000001ffff7e8000 JavaThread "Exec Stream Pumper" daemon [_thread_in_native, id=3732, stack(0x0000002cbdf00000,0x0000002cbe000000)]
  0x000001ffff7e8800 JavaThread "Exec Stream Pumper" daemon [_thread_in_native, id=31944, stack(0x0000002cbe000000,0x0000002cbe100000)]
  0x000001ffff7ea800 JavaThread "AsyncHttpClient-1-8" daemon [_thread_in_native, id=3148, stack(0x0000002cbe200000,0x0000002cbe300000)]
  0x000001ffff7ec000 JavaThread "AsyncHttpClient-1-9" daemon [_thread_in_native, id=6748, stack(0x0000002cbda00000,0x0000002cbdb00000)]
  0x000001ffff7ec800 JavaThread "Exec Default Executor" daemon [_thread_in_native, id=36128, stack(0x0000002cbde00000,0x0000002cbdf00000)]
  0x000001ffff7e9800 JavaThread "Driver Service Executor" daemon [_thread_blocked, id=22168, stack(0x0000002cbe100000,0x0000002cbe200000)]
  0x000001ffff7eb000 JavaThread "Driver Service Executor" daemon [_thread_blocked, id=33508, stack(0x0000002cbe300000,0x0000002cbe400000)]
  0x000001ffff7e7000 JavaThread "Exec Stream Pumper" daemon [_thread_in_native, id=39780, stack(0x0000002cbe400000,0x0000002cbe500000)]
  0x000001ffff7ef000 JavaThread "Exec Stream Pumper" daemon [_thread_in_native, id=23996, stack(0x0000002cbe500000,0x0000002cbe600000)]
  0x000001ffff7ed800 JavaThread "Driver Command Executor" daemon [_thread_blocked, id=38120, stack(0x0000002cbe600000,0x0000002cbe700000)]
  0x000001ffff7ee800 JavaThread "Driver Command Executor" daemon [_thread_blocked, id=1908, stack(0x0000002cbe700000,0x0000002cbe800000)]

Other Threads:
  0x000001fffeba2000 VMThread "VM Thread" [stack: 0x0000002cbba00000,0x0000002cbbb00000] [id=39440]
  0x000001ffff6a5800 WatcherThread [stack: 0x0000002cbc300000,0x0000002cbc400000] [id=33936]
  0x000001fff3405000 GCTaskThread "GC Thread#0" [stack: 0x0000002cbb500000,0x0000002cbb600000] [id=34900]
  0x000001ff9338c000 GCTaskThread "GC Thread#1" [stack: 0x0000002cbc700000,0x0000002cbc800000] [id=25220]
  0x000001ff93325800 GCTaskThread "GC Thread#2" [stack: 0x0000002cbc800000,0x0000002cbc900000] [id=35936]
  0x000001fff3435000 ConcurrentGCThread "G1 Main Marker" [stack: 0x0000002cbb600000,0x0000002cbb700000] [id=20632]
  0x000001fff3438800 ConcurrentGCThread "G1 Conc#0" [stack: 0x0000002cbb700000,0x0000002cbb800000] [id=11080]
  0x000001fff34c7800 ConcurrentGCThread "G1 Refine#0" [stack: 0x0000002cbb800000,0x0000002cbb900000] [id=21164]
  0x000001fff34c8800 ConcurrentGCThread "G1 Young RemSet Sampling" [stack: 0x0000002cbb900000,0x0000002cbba00000] [id=38996]

Threads with active compile tasks:
C2 CompilerThread0   207972 4839       4       java.lang.invoke.MethodType::makeImpl (108 bytes)

VM state:not at safepoint (normal execution)

VM Mutex/Monitor currently owned by a thread: None

Heap address: 0x0000000081c00000, size: 2020 MB, Compressed Oops mode: 32-bit
Narrow klass base: 0x0000000000000000, Narrow klass shift: 3
Compressed class space size: 1073741824 Address: 0x0000000100000000

Heap:
 garbage-first heap   total 157696K, used 68609K [0x0000000081c00000, 0x0000000100000000)
  region size 1024K, 42 young (43008K), 5 survivors (5120K)
 Metaspace       used 34606K, capacity 35408K, committed 35584K, reserved 1081344K
  class space    used 3758K, capacity 4056K, committed 4096K, reserved 1048576K
Heap Regions: E=young(eden), S=young(survivor), O=old, HS=humongous(starts), HC=humongous(continues), CS=collection set, F=free, A=archive, TAMS=top-at-mark-start (previous, next)
|   0|0x0000000081c00000, 0x0000000081d00000, 0x0000000081d00000|100%| O|  |TAMS 0x0000000081d00000, 0x0000000081c00000| Untracked 
|   1|0x0000000081d00000, 0x0000000081e00000, 0x0000000081e00000|100%| O|  |TAMS 0x0000000081e00000, 0x0000000081d00000| Untracked 
|   2|0x0000000081e00000, 0x0000000081f00000, 0x0000000081f00000|100%| O|  |TAMS 0x0000000081f00000, 0x0000000081e00000| Untracked 
|   3|0x0000000081f00000, 0x0000000082000000, 0x0000000082000000|100%| O|  |TAMS 0x0000000082000000, 0x0000000081f00000| Untracked 
|   4|0x0000000082000000, 0x0000000082100000, 0x0000000082100000|100%| O|  |TAMS 0x000000008208c800, 0x0000000082000000| Untracked 
|   5|0x0000000082100000, 0x0000000082200000, 0x0000000082200000|100%| O|  |TAMS 0x0000000082100000, 0x0000000082100000| Untracked 
|   6|0x0000000082200000, 0x0000000082300000, 0x0000000082300000|100%|HS|  |TAMS 0x0000000082200000, 0x0000000082200000| Complete 
|   7|0x0000000082300000, 0x0000000082400000, 0x0000000082400000|100%|HC|  |TAMS 0x0000000082300000, 0x0000000082300000| Complete 
|   8|0x0000000082400000, 0x0000000082500000, 0x0000000082500000|100%|HC|  |TAMS 0x0000000082400000, 0x0000000082400000| Complete 
|   9|0x0000000082500000, 0x0000000082600000, 0x0000000082600000|100%|HC|  |TAMS 0x0000000082500000, 0x0000000082500000| Complete 
|  10|0x0000000082600000, 0x0000000082700000, 0x0000000082700000|100%|HC|  |TAMS 0x0000000082600000, 0x0000000082600000| Complete 
|  11|0x0000000082700000, 0x0000000082800000, 0x0000000082800000|100%|HS|  |TAMS 0x0000000082700000, 0x0000000082700000| Complete 
|  12|0x0000000082800000, 0x0000000082900000, 0x0000000082900000|100%|HC|  |TAMS 0x0000000082800000, 0x0000000082800000| Complete 
|  13|0x0000000082900000, 0x0000000082a00000, 0x0000000082a00000|100%|HC|  |TAMS 0x0000000082900000, 0x0000000082900000| Complete 
|  14|0x0000000082a00000, 0x0000000082b00000, 0x0000000082b00000|100%|HC|  |TAMS 0x0000000082a00000, 0x0000000082a00000| Complete 
|  15|0x0000000082b00000, 0x0000000082c00000, 0x0000000082c00000|100%|HC|  |TAMS 0x0000000082b00000, 0x0000000082b00000| Complete 
|  16|0x0000000082c00000, 0x0000000082d00000, 0x0000000082d00000|100%| O|  |TAMS 0x0000000082c00000, 0x0000000082c00000| Untracked 
|  17|0x0000000082d00000, 0x0000000082dbbc00, 0x0000000082e00000| 73%| O|  |TAMS 0x0000000082d00000, 0x0000000082d00000| Untracked 
|  18|0x0000000082e00000, 0x0000000082f00000, 0x0000000082f00000|100%|HS|  |TAMS 0x0000000082e00000, 0x0000000082e00000| Complete 
|  19|0x0000000082f00000, 0x0000000083000000, 0x0000000083000000|100%|HC|  |TAMS 0x0000000082f00000, 0x0000000082f00000| Complete 
|  20|0x0000000083000000, 0x0000000083100000, 0x0000000083100000|100%|HC|  |TAMS 0x0000000083000000, 0x0000000083000000| Complete 
|  21|0x0000000083100000, 0x0000000083200000, 0x0000000083200000|100%|HC|  |TAMS 0x0000000083100000, 0x0000000083100000| Complete 
|  22|0x0000000083200000, 0x0000000083300000, 0x0000000083300000|100%|HC|  |TAMS 0x0000000083200000, 0x0000000083200000| Complete 
|  23|0x0000000083300000, 0x0000000083400000, 0x0000000083400000|100%|HS|  |TAMS 0x0000000083300000, 0x0000000083300000| Complete 
|  24|0x0000000083400000, 0x0000000083500000, 0x0000000083500000|100%|HC|  |TAMS 0x0000000083400000, 0x0000000083400000| Complete 
|  25|0x0000000083500000, 0x0000000083600000, 0x0000000083600000|100%|HC|  |TAMS 0x0000000083500000, 0x0000000083500000| Complete 
|  26|0x0000000083600000, 0x0000000083700000, 0x0000000083700000|100%|HC|  |TAMS 0x0000000083600000, 0x0000000083600000| Complete 
|  27|0x0000000083700000, 0x0000000083800000, 0x0000000083800000|100%|HC|  |TAMS 0x0000000083700000, 0x0000000083700000| Complete 
|  28|0x0000000083800000, 0x0000000083800000, 0x0000000083900000|  0%| F|  |TAMS 0x0000000083800000, 0x0000000083800000| Untracked 
|  29|0x0000000083900000, 0x0000000083900000, 0x0000000083a00000|  0%| F|  |TAMS 0x0000000083900000, 0x0000000083900000| Untracked 
|  30|0x0000000083a00000, 0x0000000083a00000, 0x0000000083b00000|  0%| F|  |TAMS 0x0000000083a00000, 0x0000000083a00000| Untracked 
|  31|0x0000000083b00000, 0x0000000083b00000, 0x0000000083c00000|  0%| F|  |TAMS 0x0000000083b00000, 0x0000000083b00000| Untracked 
|  32|0x0000000083c00000, 0x0000000083c00000, 0x0000000083d00000|  0%| F|  |TAMS 0x0000000083c00000, 0x0000000083c00000| Untracked 
|  33|0x0000000083d00000, 0x0000000083d00000, 0x0000000083e00000|  0%| F|  |TAMS 0x0000000083d00000, 0x0000000083d00000| Untracked 
|  34|0x0000000083e00000, 0x0000000083e00000, 0x0000000083f00000|  0%| F|  |TAMS 0x0000000083e00000, 0x0000000083e00000| Untracked 
|  35|0x0000000083f00000, 0x0000000083f00000, 0x0000000084000000|  0%| F|  |TAMS 0x0000000083f00000, 0x0000000083f00000| Untracked 
|  36|0x0000000084000000, 0x0000000084000000, 0x0000000084100000|  0%| F|  |TAMS 0x0000000084000000, 0x0000000084000000| Untracked 
|  37|0x0000000084100000, 0x0000000084100000, 0x0000000084200000|  0%| F|  |TAMS 0x0000000084100000, 0x0000000084100000| Untracked 
|  38|0x0000000084200000, 0x0000000084200000, 0x0000000084300000|  0%| F|  |TAMS 0x0000000084200000, 0x0000000084200000| Untracked 
|  39|0x0000000084300000, 0x0000000084300000, 0x0000000084400000|  0%| F|  |TAMS 0x0000000084300000, 0x0000000084300000| Untracked 
|  40|0x0000000084400000, 0x0000000084400000, 0x0000000084500000|  0%| F|  |TAMS 0x0000000084400000, 0x0000000084400000| Untracked 
|  41|0x0000000084500000, 0x0000000084500000, 0x0000000084600000|  0%| F|  |TAMS 0x0000000084500000, 0x0000000084500000| Untracked 
|  42|0x0000000084600000, 0x0000000084600000, 0x0000000084700000|  0%| F|  |TAMS 0x0000000084600000, 0x0000000084600000| Untracked 
|  43|0x0000000084700000, 0x0000000084700000, 0x0000000084800000|  0%| F|  |TAMS 0x0000000084700000, 0x0000000084700000| Untracked 
|  44|0x0000000084800000, 0x0000000084800000, 0x0000000084900000|  0%| F|  |TAMS 0x0000000084800000, 0x0000000084800000| Untracked 
|  45|0x0000000084900000, 0x0000000084900000, 0x0000000084a00000|  0%| F|  |TAMS 0x0000000084900000, 0x0000000084900000| Untracked 
|  46|0x0000000084a00000, 0x0000000084a00000, 0x0000000084b00000|  0%| F|  |TAMS 0x0000000084a00000, 0x0000000084a00000| Untracked 
|  47|0x0000000084b00000, 0x0000000084b00000, 0x0000000084c00000|  0%| F|  |TAMS 0x0000000084b00000, 0x0000000084b00000| Untracked 
|  48|0x0000000084c00000, 0x0000000084c00000, 0x0000000084d00000|  0%| F|  |TAMS 0x0000000084c00000, 0x0000000084c00000| Untracked 
|  49|0x0000000084d00000, 0x0000000084d00000, 0x0000000084e00000|  0%| F|  |TAMS 0x0000000084d00000, 0x0000000084d00000| Untracked 
|  50|0x0000000084e00000, 0x0000000084e00000, 0x0000000084f00000|  0%| F|  |TAMS 0x0000000084e00000, 0x0000000084e00000| Untracked 
|  51|0x0000000084f00000, 0x0000000084f00000, 0x0000000085000000|  0%| F|  |TAMS 0x0000000084f00000, 0x0000000084f00000| Untracked 
|  52|0x0000000085000000, 0x0000000085000000, 0x0000000085100000|  0%| F|  |TAMS 0x0000000085000000, 0x0000000085000000| Untracked 
|  53|0x0000000085100000, 0x0000000085100000, 0x0000000085200000|  0%| F|  |TAMS 0x0000000085100000, 0x0000000085100000| Untracked 
|  54|0x0000000085200000, 0x0000000085200000, 0x0000000085300000|  0%| F|  |TAMS 0x0000000085200000, 0x0000000085200000| Untracked 
|  55|0x0000000085300000, 0x0000000085300000, 0x0000000085400000|  0%| F|  |TAMS 0x0000000085300000, 0x0000000085300000| Untracked 
|  56|0x0000000085400000, 0x0000000085400000, 0x0000000085500000|  0%| F|  |TAMS 0x0000000085400000, 0x0000000085400000| Untracked 
|  57|0x0000000085500000, 0x0000000085500000, 0x0000000085600000|  0%| F|  |TAMS 0x0000000085500000, 0x0000000085500000| Untracked 
|  58|0x0000000085600000, 0x0000000085600000, 0x0000000085700000|  0%| F|  |TAMS 0x0000000085600000, 0x0000000085600000| Untracked 
|  59|0x0000000085700000, 0x0000000085700000, 0x0000000085800000|  0%| F|  |TAMS 0x0000000085700000, 0x0000000085700000| Untracked 
|  60|0x0000000085800000, 0x0000000085800000, 0x0000000085900000|  0%| F|  |TAMS 0x0000000085800000, 0x0000000085800000| Untracked 
|  61|0x0000000085900000, 0x0000000085900000, 0x0000000085a00000|  0%| F|  |TAMS 0x0000000085900000, 0x0000000085900000| Untracked 
|  62|0x0000000085a00000, 0x0000000085a44b10, 0x0000000085b00000| 26%| S|CS|TAMS 0x0000000085a00000, 0x0000000085a00000| Complete 
|  63|0x0000000085b00000, 0x0000000085c00000, 0x0000000085c00000|100%| S|CS|TAMS 0x0000000085b00000, 0x0000000085b00000| Complete 
|  64|0x0000000085c00000, 0x0000000085d00000, 0x0000000085d00000|100%| S|CS|TAMS 0x0000000085c00000, 0x0000000085c00000| Complete 
|  65|0x0000000085d00000, 0x0000000085e00000, 0x0000000085e00000|100%| S|CS|TAMS 0x0000000085d00000, 0x0000000085d00000| Complete 
|  66|0x0000000085e00000, 0x0000000085f00000, 0x0000000085f00000|100%| S|CS|TAMS 0x0000000085e00000, 0x0000000085e00000| Complete 
|  67|0x0000000085f00000, 0x0000000085f00000, 0x0000000086000000|  0%| F|  |TAMS 0x0000000085f00000, 0x0000000085f00000| Untracked 
|  68|0x0000000086000000, 0x0000000086000000, 0x0000000086100000|  0%| F|  |TAMS 0x0000000086000000, 0x0000000086000000| Untracked 
|  69|0x0000000086100000, 0x0000000086100000, 0x0000000086200000|  0%| F|  |TAMS 0x0000000086100000, 0x0000000086100000| Untracked 
|  70|0x0000000086200000, 0x0000000086200000, 0x0000000086300000|  0%| F|  |TAMS 0x0000000086200000, 0x0000000086200000| Untracked 
|  71|0x0000000086300000, 0x0000000086300000, 0x0000000086400000|  0%| F|  |TAMS 0x0000000086300000, 0x0000000086300000| Untracked 
|  72|0x0000000086400000, 0x0000000086400000, 0x0000000086500000|  0%| F|  |TAMS 0x0000000086400000, 0x0000000086400000| Untracked 
|  73|0x0000000086500000, 0x0000000086500000, 0x0000000086600000|  0%| F|  |TAMS 0x0000000086500000, 0x0000000086500000| Untracked 
|  74|0x0000000086600000, 0x0000000086600000, 0x0000000086700000|  0%| F|  |TAMS 0x0000000086600000, 0x0000000086600000| Untracked 
|  75|0x0000000086700000, 0x0000000086700000, 0x0000000086800000|  0%| F|  |TAMS 0x0000000086700000, 0x0000000086700000| Untracked 
|  76|0x0000000086800000, 0x0000000086800000, 0x0000000086900000|  0%| F|  |TAMS 0x0000000086800000, 0x0000000086800000| Untracked 
|  77|0x0000000086900000, 0x0000000086900000, 0x0000000086a00000|  0%| F|  |TAMS 0x0000000086900000, 0x0000000086900000| Untracked 
|  78|0x0000000086a00000, 0x0000000086a00000, 0x0000000086b00000|  0%| F|  |TAMS 0x0000000086a00000, 0x0000000086a00000| Untracked 
|  79|0x0000000086b00000, 0x0000000086b00000, 0x0000000086c00000|  0%| F|  |TAMS 0x0000000086b00000, 0x0000000086b00000| Untracked 
|  80|0x0000000086c00000, 0x0000000086c00000, 0x0000000086d00000|  0%| F|  |TAMS 0x0000000086c00000, 0x0000000086c00000| Untracked 
|  81|0x0000000086d00000, 0x0000000086d00000, 0x0000000086e00000|  0%| F|  |TAMS 0x0000000086d00000, 0x0000000086d00000| Untracked 
|  82|0x0000000086e00000, 0x0000000086e00000, 0x0000000086f00000|  0%| F|  |TAMS 0x0000000086e00000, 0x0000000086e00000| Untracked 
|  83|0x0000000086f00000, 0x0000000086f00000, 0x0000000087000000|  0%| F|  |TAMS 0x0000000086f00000, 0x0000000086f00000| Untracked 
|  84|0x0000000087000000, 0x0000000087000000, 0x0000000087100000|  0%| F|  |TAMS 0x0000000087000000, 0x0000000087000000| Untracked 
|  85|0x0000000087100000, 0x0000000087100000, 0x0000000087200000|  0%| F|  |TAMS 0x0000000087100000, 0x0000000087100000| Untracked 
|  86|0x0000000087200000, 0x0000000087200000, 0x0000000087300000|  0%| F|  |TAMS 0x0000000087200000, 0x0000000087200000| Untracked 
|  87|0x0000000087300000, 0x0000000087300000, 0x0000000087400000|  0%| F|  |TAMS 0x0000000087300000, 0x0000000087300000| Untracked 
|  88|0x0000000087400000, 0x0000000087400000, 0x0000000087500000|  0%| F|  |TAMS 0x0000000087400000, 0x0000000087400000| Untracked 
|  89|0x0000000087500000, 0x0000000087500000, 0x0000000087600000|  0%| F|  |TAMS 0x0000000087500000, 0x0000000087500000| Untracked 
|  90|0x0000000087600000, 0x0000000087600000, 0x0000000087700000|  0%| F|  |TAMS 0x0000000087600000, 0x0000000087600000| Untracked 
|  91|0x0000000087700000, 0x0000000087700000, 0x0000000087800000|  0%| F|  |TAMS 0x0000000087700000, 0x0000000087700000| Untracked 
|  92|0x0000000087800000, 0x0000000087800000, 0x0000000087900000|  0%| F|  |TAMS 0x0000000087800000, 0x0000000087800000| Untracked 
|  93|0x0000000087900000, 0x0000000087900000, 0x0000000087a00000|  0%| F|  |TAMS 0x0000000087900000, 0x0000000087900000| Untracked 
|  94|0x0000000087a00000, 0x0000000087a00000, 0x0000000087b00000|  0%| F|  |TAMS 0x0000000087a00000, 0x0000000087a00000| Untracked 
|  95|0x0000000087b00000, 0x0000000087b00000, 0x0000000087c00000|  0%| F|  |TAMS 0x0000000087b00000, 0x0000000087b00000| Untracked 
|  96|0x0000000087c00000, 0x0000000087c00000, 0x0000000087d00000|  0%| F|  |TAMS 0x0000000087c00000, 0x0000000087c00000| Untracked 
|  97|0x0000000087d00000, 0x0000000087d00000, 0x0000000087e00000|  0%| F|  |TAMS 0x0000000087d00000, 0x0000000087d00000| Untracked 
|  98|0x0000000087e00000, 0x0000000087e00000, 0x0000000087f00000|  0%| F|  |TAMS 0x0000000087e00000, 0x0000000087e00000| Untracked 
|  99|0x0000000087f00000, 0x0000000087f00000, 0x0000000088000000|  0%| F|  |TAMS 0x0000000087f00000, 0x0000000087f00000| Untracked 
| 100|0x0000000088000000, 0x0000000088000000, 0x0000000088100000|  0%| F|  |TAMS 0x0000000088000000, 0x0000000088000000| Untracked 
| 101|0x0000000088100000, 0x0000000088100000, 0x0000000088200000|  0%| F|  |TAMS 0x0000000088100000, 0x0000000088100000| Untracked 
| 102|0x0000000088200000, 0x0000000088200000, 0x0000000088300000|  0%| F|  |TAMS 0x0000000088200000, 0x0000000088200000| Untracked 
| 103|0x0000000088300000, 0x0000000088300000, 0x0000000088400000|  0%| F|  |TAMS 0x0000000088300000, 0x0000000088300000| Untracked 
| 104|0x0000000088400000, 0x0000000088400000, 0x0000000088500000|  0%| F|  |TAMS 0x0000000088400000, 0x0000000088400000| Untracked 
| 105|0x0000000088500000, 0x0000000088500000, 0x0000000088600000|  0%| F|  |TAMS 0x0000000088500000, 0x0000000088500000| Untracked 
| 106|0x0000000088600000, 0x0000000088600000, 0x0000000088700000|  0%| F|  |TAMS 0x0000000088600000, 0x0000000088600000| Untracked 
| 107|0x0000000088700000, 0x0000000088700000, 0x0000000088800000|  0%| F|  |TAMS 0x0000000088700000, 0x0000000088700000| Untracked 
| 108|0x0000000088800000, 0x0000000088800000, 0x0000000088900000|  0%| F|  |TAMS 0x0000000088800000, 0x0000000088800000| Untracked 
| 109|0x0000000088900000, 0x0000000088900000, 0x0000000088a00000|  0%| F|  |TAMS 0x0000000088900000, 0x0000000088900000| Untracked 
| 110|0x0000000088a00000, 0x0000000088a00000, 0x0000000088b00000|  0%| F|  |TAMS 0x0000000088a00000, 0x0000000088a00000| Untracked 
| 111|0x0000000088b00000, 0x0000000088b00000, 0x0000000088c00000|  0%| F|  |TAMS 0x0000000088b00000, 0x0000000088b00000| Untracked 
| 112|0x0000000088c00000, 0x0000000088c00000, 0x0000000088d00000|  0%| F|  |TAMS 0x0000000088c00000, 0x0000000088c00000| Untracked 
| 113|0x0000000088d00000, 0x0000000088d00000, 0x0000000088e00000|  0%| F|  |TAMS 0x0000000088d00000, 0x0000000088d00000| Untracked 
| 114|0x0000000088e00000, 0x0000000088e00000, 0x0000000088f00000|  0%| F|  |TAMS 0x0000000088e00000, 0x0000000088e00000| Untracked 
| 115|0x0000000088f00000, 0x0000000088f00000, 0x0000000089000000|  0%| F|  |TAMS 0x0000000088f00000, 0x0000000088f00000| Untracked 
| 116|0x0000000089000000, 0x0000000089000000, 0x0000000089100000|  0%| F|  |TAMS 0x0000000089000000, 0x0000000089000000| Untracked 
| 117|0x0000000089100000, 0x000000008914bd68, 0x0000000089200000| 29%| E|  |TAMS 0x0000000089100000, 0x0000000089100000| Complete 
| 118|0x0000000089200000, 0x0000000089300000, 0x0000000089300000|100%| E|CS|TAMS 0x0000000089200000, 0x0000000089200000| Complete 
| 119|0x0000000089300000, 0x0000000089400000, 0x0000000089400000|100%| E|CS|TAMS 0x0000000089300000, 0x0000000089300000| Complete 
| 120|0x0000000089400000, 0x0000000089500000, 0x0000000089500000|100%| E|CS|TAMS 0x0000000089400000, 0x0000000089400000| Complete 
| 121|0x0000000089500000, 0x0000000089600000, 0x0000000089600000|100%| E|CS|TAMS 0x0000000089500000, 0x0000000089500000| Complete 
| 122|0x0000000089600000, 0x0000000089700000, 0x0000000089700000|100%| E|CS|TAMS 0x0000000089600000, 0x0000000089600000| Complete 
| 123|0x0000000089700000, 0x0000000089800000, 0x0000000089800000|100%| E|CS|TAMS 0x0000000089700000, 0x0000000089700000| Complete 
| 124|0x0000000089800000, 0x0000000089900000, 0x0000000089900000|100%| E|CS|TAMS 0x0000000089800000, 0x0000000089800000| Complete 
| 125|0x0000000089900000, 0x0000000089a00000, 0x0000000089a00000|100%| E|CS|TAMS 0x0000000089900000, 0x0000000089900000| Complete 
| 126|0x0000000089a00000, 0x0000000089b00000, 0x0000000089b00000|100%| E|CS|TAMS 0x0000000089a00000, 0x0000000089a00000| Complete 
| 127|0x0000000089b00000, 0x0000000089c00000, 0x0000000089c00000|100%| E|CS|TAMS 0x0000000089b00000, 0x0000000089b00000| Complete 
| 128|0x0000000089c00000, 0x0000000089d00000, 0x0000000089d00000|100%| E|CS|TAMS 0x0000000089c00000, 0x0000000089c00000| Complete 
| 129|0x0000000089d00000, 0x0000000089e00000, 0x0000000089e00000|100%| E|CS|TAMS 0x0000000089d00000, 0x0000000089d00000| Complete 
| 130|0x0000000089e00000, 0x0000000089f00000, 0x0000000089f00000|100%| E|CS|TAMS 0x0000000089e00000, 0x0000000089e00000| Complete 
| 131|0x0000000089f00000, 0x000000008a000000, 0x000000008a000000|100%| E|CS|TAMS 0x0000000089f00000, 0x0000000089f00000| Complete 
| 132|0x000000008a000000, 0x000000008a100000, 0x000000008a100000|100%| E|CS|TAMS 0x000000008a000000, 0x000000008a000000| Complete 
| 133|0x000000008a100000, 0x000000008a200000, 0x000000008a200000|100%| E|CS|TAMS 0x000000008a100000, 0x000000008a100000| Complete 
| 134|0x000000008a200000, 0x000000008a300000, 0x000000008a300000|100%| E|CS|TAMS 0x000000008a200000, 0x000000008a200000| Complete 
| 135|0x000000008a300000, 0x000000008a400000, 0x000000008a400000|100%| E|CS|TAMS 0x000000008a300000, 0x000000008a300000| Complete 
| 136|0x000000008a400000, 0x000000008a500000, 0x000000008a500000|100%| E|CS|TAMS 0x000000008a400000, 0x000000008a400000| Complete 
| 137|0x000000008a500000, 0x000000008a600000, 0x000000008a600000|100%| E|CS|TAMS 0x000000008a500000, 0x000000008a500000| Complete 
| 138|0x000000008a600000, 0x000000008a700000, 0x000000008a700000|100%| E|CS|TAMS 0x000000008a600000, 0x000000008a600000| Complete 
| 139|0x000000008a700000, 0x000000008a800000, 0x000000008a800000|100%| E|CS|TAMS 0x000000008a700000, 0x000000008a700000| Complete 
| 140|0x000000008a800000, 0x000000008a900000, 0x000000008a900000|100%| E|CS|TAMS 0x000000008a800000, 0x000000008a800000| Complete 
| 141|0x000000008a900000, 0x000000008aa00000, 0x000000008aa00000|100%| E|CS|TAMS 0x000000008a900000, 0x000000008a900000| Complete 
| 142|0x000000008aa00000, 0x000000008ab00000, 0x000000008ab00000|100%| E|CS|TAMS 0x000000008aa00000, 0x000000008aa00000| Complete 
| 143|0x000000008ab00000, 0x000000008ac00000, 0x000000008ac00000|100%| E|CS|TAMS 0x000000008ab00000, 0x000000008ab00000| Complete 
| 144|0x000000008ac00000, 0x000000008ad00000, 0x000000008ad00000|100%| E|CS|TAMS 0x000000008ac00000, 0x000000008ac00000| Complete 
| 145|0x000000008ad00000, 0x000000008ae00000, 0x000000008ae00000|100%| E|CS|TAMS 0x000000008ad00000, 0x000000008ad00000| Complete 
| 146|0x000000008ae00000, 0x000000008af00000, 0x000000008af00000|100%| E|CS|TAMS 0x000000008ae00000, 0x000000008ae00000| Complete 
| 147|0x000000008af00000, 0x000000008b000000, 0x000000008b000000|100%| E|CS|TAMS 0x000000008af00000, 0x000000008af00000| Complete 
| 148|0x000000008b000000, 0x000000008b100000, 0x000000008b100000|100%| E|CS|TAMS 0x000000008b000000, 0x000000008b000000| Complete 
| 149|0x000000008b100000, 0x000000008b200000, 0x000000008b200000|100%| E|CS|TAMS 0x000000008b100000, 0x000000008b100000| Complete 
| 150|0x000000008b200000, 0x000000008b300000, 0x000000008b300000|100%| E|CS|TAMS 0x000000008b200000, 0x000000008b200000| Complete 
| 151|0x000000008b300000, 0x000000008b400000, 0x000000008b400000|100%| E|  |TAMS 0x000000008b300000, 0x000000008b300000| Complete 
| 152|0x000000008b400000, 0x000000008b500000, 0x000000008b500000|100%| E|CS|TAMS 0x000000008b400000, 0x000000008b400000| Complete 
| 153|0x000000008b500000, 0x000000008b600000, 0x000000008b600000|100%| E|CS|TAMS 0x000000008b500000, 0x000000008b500000| Complete 

Card table byte_map: [0x000001fffbf50000,0x000001fffc350000] _byte_map_base: 0x000001fffbb42000

Marking Bits (Prev, Next): (CMBitMap*) 0x000001fff342c430, (CMBitMap*) 0x000001fff342c3f8
 Prev Bits: [0x000001ff8f000000, 0x000001ff90f90000)
 Next Bits: [0x000001fffc750000, 0x000001fffe6e0000)

Polling page: 0x000001fff13a0000

Metaspace:

Usage:
  Non-class:     30.62 MB capacity,    30.12 MB ( 98%) used,   403.02 KB (  1%) free+waste,   101.00 KB ( <1%) overhead. 
      Class:      3.96 MB capacity,     3.67 MB ( 93%) used,   252.74 KB (  6%) free+waste,    44.75 KB (  1%) overhead. 
       Both:     34.58 MB capacity,    33.80 MB ( 98%) used,   655.77 KB (  2%) free+waste,   145.75 KB ( <1%) overhead. 

Virtual space:
  Non-class space:       32.00 MB reserved,      30.75 MB ( 96%) committed 
      Class space:        1.00 GB reserved,       4.00 MB ( <1%) committed 
             Both:        1.03 GB reserved,      34.75 MB (  3%) committed 

Chunk freelists:
   Non-Class:  8.00 KB
       Class:  0 bytes
        Both:  8.00 KB

MaxMetaspaceSize: 17179869184.00 GB
CompressedClassSpaceSize: 1.00 GB
Initial GC threshold: 20.80 MB
Current GC threshold: 35.00 MB
CDS: off

CodeHeap 'non-profiled nmethods': size=120064Kb used=1846Kb max_used=1846Kb free=118217Kb
 bounds [0x000001ff87ac0000, 0x000001ff87d30000, 0x000001ff8f000000]
CodeHeap 'profiled nmethods': size=120000Kb used=10489Kb max_used=10489Kb free=109510Kb
 bounds [0x000001ff80590000, 0x000001ff80fd0000, 0x000001ff87ac0000]
CodeHeap 'non-nmethods': size=5696Kb used=1278Kb max_used=1317Kb free=4417Kb
 bounds [0x000001ff80000000, 0x000001ff80270000, 0x000001ff80590000]
 total_blobs=5401 nmethods=4838 adapters=475
 compilation: enabled
              stopped_count=0, restarted_count=0
 full_count=0

Compilation events (20 events):
Event: 196.820 Thread 0x000001fffebf8000 nmethod 4829 0x000001ff80fc9110 code [0x000001ff80fc9320, 0x000001ff80fc9968]
Event: 196.820 Thread 0x000001fffebf8000 4828       3       com.google.common.collect.RegularImmutableMap::get (13 bytes)
Event: 196.820 Thread 0x000001fffebf8000 nmethod 4828 0x000001ff80fc9b90 code [0x000001ff80fc9d40, 0x000001ff80fc9e88]
Event: 201.255 Thread 0x000001fffebeb800 4830       4       java.util.concurrent.ScheduledThreadPoolExecutor::canRunInCurrentRunState (61 bytes)
Event: 201.256 Thread 0x000001fffebeb800 nmethod 4830 0x000001ff87c8c590 code [0x000001ff87c8c720, 0x000001ff87c8c7b8]
Event: 205.096 Thread 0x000001fffebeb800 4831       4       org.asynchttpclient.netty.channel.DefaultChannelPool::access$500 (4 bytes)
Event: 205.097 Thread 0x000001fffebeb800 nmethod 4831 0x000001ff87c8c890 code [0x000001ff87c8ca20, 0x000001ff87c8ca78]
Event: 207.512 Thread 0x000001fffebf8000 4832       3       io.netty.handler.stream.ChunkedWriteHandler::handleEndOfInputFuture (67 bytes)
Event: 207.515 Thread 0x000001fffebf8000 nmethod 4832 0x000001ff80fc9f10 code [0x000001ff80fca340, 0x000001ff80fccab8]
Event: 207.529 Thread 0x000001fffebeb800 4833       4       com.google.common.collect.CollectPreconditions::checkEntryNotNull (100 bytes)
Event: 207.530 Thread 0x000001fffebeb800 nmethod 4833 0x000001ff87c8cb90 code [0x000001ff87c8cd20, 0x000001ff87c8cd98]
Event: 207.555 Thread 0x000001fffebeb800 4834       4       io.netty.handler.codec.DefaultHeaders::thisT (2 bytes)
Event: 207.555 Thread 0x000001fffebeb800 nmethod 4834 0x000001ff87c8ce90 code [0x000001ff87c8d020, 0x000001ff87c8d078]
Event: 207.629 Thread 0x000001fffebeb800 4836       4       java.lang.invoke.MethodType::equals (29 bytes)
Event: 207.633 Thread 0x000001fffebeb800 nmethod 4836 0x000001ff87c8d490 code [0x000001ff87c8d640, 0x000001ff87c8d838]
Event: 207.642 Thread 0x000001fffebf8000 4837       3       java.lang.invoke.DelegatingMethodHandle::<init> (10 bytes)
Event: 207.643 Thread 0x000001fffebeb800 4839       4       java.lang.invoke.MethodType::makeImpl (108 bytes)
Event: 207.643 Thread 0x000001fffebf8000 nmethod 4837 0x000001ff80fcd690 code [0x000001ff80fcd880, 0x000001ff80fcdcb8]
Event: 207.643 Thread 0x000001fffebf8000 4838       3       java.lang.invoke.DelegatingMethodHandle::chooseDelegatingForm (24 bytes)
Event: 207.644 Thread 0x000001fffebf8000 nmethod 4838 0x000001ff80fcde10 code [0x000001ff80fcdfe0, 0x000001ff80fce348]

GC Heap History (16 events):
Event: 0.696 GC heap before
{Heap before GC invocations=0 (full 0):
 garbage-first heap   total 131072K, used 13312K [0x0000000081c00000, 0x0000000100000000)
  region size 1024K, 14 young (14336K), 0 survivors (0K)
 Metaspace       used 9816K, capacity 9954K, committed 10240K, reserved 1058816K
  class space    used 894K, capacity 955K, committed 1024K, reserved 1048576K
}
Event: 0.702 GC heap after
{Heap after GC invocations=1 (full 0):
 garbage-first heap   total 131072K, used 4408K [0x0000000081c00000, 0x0000000100000000)
  region size 1024K, 2 young (2048K), 2 survivors (2048K)
 Metaspace       used 9816K, capacity 9954K, committed 10240K, reserved 1058816K
  class space    used 894K, capacity 955K, committed 1024K, reserved 1048576K
}
Event: 1.189 GC heap before
{Heap before GC invocations=1 (full 0):
 garbage-first heap   total 131072K, used 12600K [0x0000000081c00000, 0x0000000100000000)
  region size 1024K, 10 young (10240K), 2 survivors (2048K)
 Metaspace       used 14209K, capacity 14500K, committed 14592K, reserved 1062912K
  class space    used 1383K, capacity 1516K, committed 1536K, reserved 1048576K
}
Event: 1.195 GC heap after
{Heap after GC invocations=2 (full 0):
 garbage-first heap   total 131072K, used 6181K [0x0000000081c00000, 0x0000000100000000)
  region size 1024K, 2 young (2048K), 2 survivors (2048K)
 Metaspace       used 14209K, capacity 14500K, committed 14592K, reserved 1062912K
  class space    used 1383K, capacity 1516K, committed 1536K, reserved 1048576K
}
Event: 2.136 GC heap before
{Heap before GC invocations=2 (full 0):
 garbage-first heap   total 131072K, used 25637K [0x0000000081c00000, 0x0000000100000000)
  region size 1024K, 22 young (22528K), 2 survivors (2048K)
 Metaspace       used 20869K, capacity 21194K, committed 21248K, reserved 1069056K
  class space    used 2151K, capacity 2274K, committed 2304K, reserved 1048576K
}
Event: 2.143 GC heap after
{Heap after GC invocations=3 (full 0):
 garbage-first heap   total 131072K, used 8044K [0x0000000081c00000, 0x0000000100000000)
  region size 1024K, 4 young (4096K), 4 survivors (4096K)
 Metaspace       used 20869K, capacity 21194K, committed 21248K, reserved 1069056K
  class space    used 2151K, capacity 2274K, committed 2304K, reserved 1048576K
}
Event: 3.022 GC heap before
{Heap before GC invocations=4 (full 0):
 garbage-first heap   total 131072K, used 40812K [0x0000000081c00000, 0x0000000100000000)
  region size 1024K, 36 young (36864K), 4 survivors (4096K)
 Metaspace       used 27323K, capacity 27921K, committed 28160K, reserved 1075200K
  class space    used 3026K, capacity 3252K, committed 3328K, reserved 1048576K
}
Event: 3.028 GC heap after
{Heap after GC invocations=5 (full 0):
 garbage-first heap   total 131072K, used 9799K [0x0000000081c00000, 0x0000000100000000)
  region size 1024K, 4 young (4096K), 4 survivors (4096K)
 Metaspace       used 27323K, capacity 27921K, committed 28160K, reserved 1075200K
  class space    used 3026K, capacity 3252K, committed 3328K, reserved 1048576K
}
Event: 38.699 GC heap before
{Heap before GC invocations=5 (full 0):
 garbage-first heap   total 131072K, used 81479K [0x0000000081c00000, 0x0000000100000000)
  region size 1024K, 65 young (66560K), 4 survivors (4096K)
 Metaspace       used 33162K, capacity 33955K, committed 34048K, reserved 1079296K
  class space    used 3722K, capacity 4024K, committed 4096K, reserved 1048576K
}
Event: 38.711 GC heap after
{Heap after GC invocations=6 (full 0):
 garbage-first heap   total 157696K, used 22614K [0x0000000081c00000, 0x0000000100000000)
  region size 1024K, 7 young (7168K), 7 survivors (7168K)
 Metaspace       used 33162K, capacity 33955K, committed 34048K, reserved 1079296K
  class space    used 3722K, capacity 4024K, committed 4096K, reserved 1048576K
}
Event: 40.706 GC heap before
{Heap before GC invocations=6 (full 0):
 garbage-first heap   total 157696K, used 94294K [0x0000000081c00000, 0x0000000100000000)
  region size 1024K, 78 young (79872K), 7 survivors (7168K)
 Metaspace       used 33572K, capacity 34319K, committed 34560K, reserved 1079296K
  class space    used 3738K, capacity 4034K, committed 4096K, reserved 1048576K
}
Event: 40.717 GC heap after
{Heap after GC invocations=7 (full 0):
 garbage-first heap   total 157696K, used 22598K [0x0000000081c00000, 0x0000000100000000)
  region size 1024K, 5 young (5120K), 5 survivors (5120K)
 Metaspace       used 33572K, capacity 34319K, committed 34560K, reserved 1079296K
  class space    used 3738K, capacity 4034K, committed 4096K, reserved 1048576K
}
Event: 44.387 GC heap before
{Heap before GC invocations=7 (full 0):
 garbage-first heap   total 157696K, used 110662K [0x0000000081c00000, 0x0000000100000000)
  region size 1024K, 92 young (94208K), 5 survivors (5120K)
 Metaspace       used 33802K, capacity 34660K, committed 34816K, reserved 1079296K
  class space    used 3738K, capacity 4034K, committed 4096K, reserved 1048576K
}
Event: 44.393 GC heap after
{Heap after GC invocations=8 (full 0):
 garbage-first heap   total 157696K, used 22539K [0x0000000081c00000, 0x0000000100000000)
  region size 1024K, 5 young (5120K), 5 survivors (5120K)
 Metaspace       used 33802K, capacity 34660K, committed 34816K, reserved 1079296K
  class space    used 3738K, capacity 4034K, committed 4096K, reserved 1048576K
}
Event: 89.351 GC heap before
{Heap before GC invocations=8 (full 0):
 garbage-first heap   total 157696K, used 110603K [0x0000000081c00000, 0x0000000100000000)
  region size 1024K, 92 young (94208K), 5 survivors (5120K)
 Metaspace       used 34245K, capacity 35079K, committed 35328K, reserved 1081344K
  class space    used 3748K, capacity 4046K, committed 4096K, reserved 1048576K
}
Event: 89.356 GC heap after
{Heap after GC invocations=9 (full 0):
 garbage-first heap   total 157696K, used 22529K [0x0000000081c00000, 0x0000000100000000)
  region size 1024K, 5 young (5120K), 5 survivors (5120K)
 Metaspace       used 34245K, capacity 35079K, committed 35328K, reserved 1081344K
  class space    used 3748K, capacity 4046K, committed 4096K, reserved 1048576K
}

Deoptimization events (20 events):
Event: 135.111 Thread 0x000001ff93d53000 Uncommon trap: trap_request=0xffffff4d fr.pc=0x000001ff87c2d9b0 relative=0x00000000000005f0
Event: 135.111 Thread 0x000001ff93d53000 Uncommon trap: reason=unstable_if action=reinterpret pc=0x000001ff87c2d9b0 method=io.netty.util.AsciiString.contentEqualsIgnoreCase(Ljava/lang/CharSequence;)Z @ 2 c2
Event: 135.111 Thread 0x000001ff93d53000 DEOPT PACKING pc=0x000001ff87c2d9b0 sp=0x0000002cbc9fe170
Event: 135.111 Thread 0x000001ff93d53000 DEOPT UNPACKING pc=0x000001ff8004a1af sp=0x0000002cbc9fe0f8 mode 2
Event: 135.119 Thread 0x000001fff33ed800 Uncommon trap: trap_request=0xffffff4d fr.pc=0x000001ff87bd53b4 relative=0x0000000000000094
Event: 135.119 Thread 0x000001fff33ed800 Uncommon trap: reason=unstable_if action=reinterpret pc=0x000001ff87bd53b4 method=java.util.regex.Pattern$LastNode.match(Ljava/util/regex/Matcher;ILjava/lang/CharSequence;)Z @ 5 c2
Event: 135.119 Thread 0x000001fff33ed800 DEOPT PACKING pc=0x000001ff87bd53b4 sp=0x0000002cbb4fd690
Event: 135.119 Thread 0x000001fff33ed800 DEOPT UNPACKING pc=0x000001ff8004a1af sp=0x0000002cbb4fd628 mode 2
Event: 168.732 Thread 0x000001fff33ed800 Uncommon trap: trap_request=0xffffff5c fr.pc=0x000001ff87c74834 relative=0x0000000000004314
Event: 168.732 Thread 0x000001fff33ed800 Uncommon trap: reason=speculate_null_assert action=make_not_entrant pc=0x000001ff87c74834 method=java.util.Formatter$FormatSpecifier.printString(Ljava/lang/Object;Ljava/util/Locale;)V @ 84 c2
Event: 168.732 Thread 0x000001fff33ed800 DEOPT PACKING pc=0x000001ff87c74834 sp=0x0000002cbb4fcde0
Event: 168.732 Thread 0x000001fff33ed800 DEOPT UNPACKING pc=0x000001ff8004a1af sp=0x0000002cbb4fcd20 mode 2
Event: 207.636 Thread 0x000001fff33ed800 Uncommon trap: trap_request=0xffffffc6 fr.pc=0x000001ff87bfd728 relative=0x0000000000000088
Event: 207.636 Thread 0x000001fff33ed800 Uncommon trap: reason=bimorphic_or_optimized_type_check action=maybe_recompile pc=0x000001ff87bfd728 method=io.netty.buffer.AbstractByteBuf.ensureAccessible()V @ 7 c2
Event: 207.636 Thread 0x000001fff33ed800 DEOPT PACKING pc=0x000001ff87bfd728 sp=0x0000002cbb4fd4a0
Event: 207.636 Thread 0x000001fff33ed800 DEOPT UNPACKING pc=0x000001ff8004a1af sp=0x0000002cbb4fd430 mode 2
Event: 207.636 Thread 0x000001fff33ed800 Uncommon trap: trap_request=0xffffffc6 fr.pc=0x000001ff87bfd728 relative=0x0000000000000088
Event: 207.636 Thread 0x000001fff33ed800 Uncommon trap: reason=bimorphic_or_optimized_type_check action=maybe_recompile pc=0x000001ff87bfd728 method=io.netty.buffer.AbstractByteBuf.ensureAccessible()V @ 7 c2
Event: 207.636 Thread 0x000001fff33ed800 DEOPT PACKING pc=0x000001ff87bfd728 sp=0x0000002cbb4fd5c0
Event: 207.637 Thread 0x000001fff33ed800 DEOPT UNPACKING pc=0x000001ff8004a1af sp=0x0000002cbb4fd550 mode 2

Classes redefined (0 events):
No events

Internal exceptions (20 events):
Event: 10.929 Thread 0x000001ff93d20000 Exception <a 'java/net/ConnectException'{0x00000000880418b8}: Connection refused: connect> (0x00000000880418b8) thrown at [./src/hotspot/share/prims/jni.cpp, line 638]
Event: 34.030 Thread 0x000001fff33ed800 Exception <a 'java/lang/ClassNotFoundException'{0x00000000873440f0}: sun/misc/SharedSecrets> (0x00000000873440f0) thrown at [./src/hotspot/share/classfile/systemDictionary.cpp, line 230]
Event: 34.041 Thread 0x000001fff33ed800 Exception <a 'java/lang/reflect/InvocationTargetException'{0x0000000087378410}> (0x0000000087378410) thrown at [./src/hotspot/share/runtime/reflection.cpp, line 1247]
Event: 65.348 Thread 0x000001fff33ed800 Exception <a 'java/lang/reflect/InvocationTargetException'{0x00000000870d84d0}> (0x00000000870d84d0) thrown at [./src/hotspot/share/runtime/reflection.cpp, line 1247]
Event: 130.295 Thread 0x000001fff33ed800 Exception <a 'java/lang/reflect/InvocationTargetException'{0x0000000089f04030}> (0x0000000089f04030) thrown at [./src/hotspot/share/runtime/reflection.cpp, line 1247]
Event: 133.485 Thread 0x000001fff33ed800 Implicit null exception at 0x000001ff87c59d14 to 0x000001ff87c5c2c0
Event: 133.487 Thread 0x000001ffff7e2000 Exception <a 'java/net/ConnectException'{0x0000000089e70be8}: Connection refused: connect> (0x0000000089e70be8) thrown at [./src/hotspot/share/prims/jni.cpp, line 638]
Event: 133.507 Thread 0x000001ffff7e2000 Exception <a 'java/net/ConnectException'{0x0000000089e71b68}: Connection refused: connect> (0x0000000089e71b68) thrown at [./src/hotspot/share/prims/jni.cpp, line 638]
Event: 133.538 Thread 0x000001ffff7e2000 Exception <a 'java/net/ConnectException'{0x0000000089e72ae8}: Connection refused: connect> (0x0000000089e72ae8) thrown at [./src/hotspot/share/prims/jni.cpp, line 638]
Event: 133.585 Thread 0x000001ffff7e2000 Exception <a 'java/net/ConnectException'{0x0000000089e73a68}: Connection refused: connect> (0x0000000089e73a68) thrown at [./src/hotspot/share/prims/jni.cpp, line 638]
Event: 160.969 Thread 0x000001fff33ed800 Exception <a 'java/lang/reflect/InvocationTargetException'{0x0000000089b42290}> (0x0000000089b42290) thrown at [./src/hotspot/share/runtime/reflection.cpp, line 1247]
Event: 165.883 Thread 0x000001ffff7e2000 Exception <a 'java/net/ConnectException'{0x0000000089e80ff8}: Connection refused: connect> (0x0000000089e80ff8) thrown at [./src/hotspot/share/prims/jni.cpp, line 638]
Event: 165.898 Thread 0x000001ffff7e2000 Exception <a 'java/net/ConnectException'{0x0000000089e81f78}: Connection refused: connect> (0x0000000089e81f78) thrown at [./src/hotspot/share/prims/jni.cpp, line 638]
Event: 165.948 Thread 0x000001ffff7e2000 Exception <a 'java/net/ConnectException'{0x0000000089e82ef8}: Connection refused: connect> (0x0000000089e82ef8) thrown at [./src/hotspot/share/prims/jni.cpp, line 638]
Event: 165.998 Thread 0x000001ffff7e2000 Exception <a 'java/net/ConnectException'{0x0000000089e83e78}: Connection refused: connect> (0x0000000089e83e78) thrown at [./src/hotspot/share/prims/jni.cpp, line 638]
Event: 166.094 Thread 0x000001ffff7e2000 Exception <a 'java/net/ConnectException'{0x0000000089e84df8}: Connection refused: connect> (0x0000000089e84df8) thrown at [./src/hotspot/share/prims/jni.cpp, line 638]
Event: 166.274 Thread 0x000001ffff7e2000 Exception <a 'java/net/ConnectException'{0x0000000089e85d78}: Connection refused: connect> (0x0000000089e85d78) thrown at [./src/hotspot/share/prims/jni.cpp, line 638]
Event: 166.622 Thread 0x000001ffff7e2000 Exception <a 'java/net/ConnectException'{0x0000000089e86cf8}: Connection refused: connect> (0x0000000089e86cf8) thrown at [./src/hotspot/share/prims/jni.cpp, line 638]
Event: 166.948 Thread 0x000001ffff7e2000 Exception <a 'java/net/ConnectException'{0x0000000089e87c78}: Connection refused: connect> (0x0000000089e87c78) thrown at [./src/hotspot/share/prims/jni.cpp, line 638]
Event: 207.628 Thread 0x000001fff33ed800 Exception <a 'java/lang/NoSuchMethodError'{0x00000000892d3a88}: 'void java.lang.invoke.DirectMethodHandle$Holder.invokeVirtual(java.lang.Object, java.lang.Object)'> (0x00000000892d3a88) thrown at [./src/hotspot/share/interpreter/linkResolver.cpp, line 773]

Events (20 events):
Event: 207.629 loading class io/netty/handler/codec/http/websocketx/CloseWebSocketFrame
Event: 207.629 loading class io/netty/handler/codec/http/websocketx/CloseWebSocketFrame done
Event: 207.633 loading class io/netty/handler/codec/http/websocketx/WebSocketCloseStatus
Event: 207.633 loading class io/netty/handler/codec/http/websocketx/WebSocketCloseStatus done
Event: 207.637 loading class org/openqa/selenium/remote/Command
Event: 207.637 loading class org/openqa/selenium/remote/Command done
Event: 207.637 loading class org/openqa/selenium/remote/Response
Event: 207.637 loading class org/openqa/selenium/remote/Response done
Event: 207.637 loading class io/netty/handler/codec/http/websocketx/PingWebSocketFrame
Event: 207.637 loading class io/netty/handler/codec/http/websocketx/PingWebSocketFrame done
Event: 207.637 loading class org/openqa/selenium/remote/service/DriverCommandExecutor
Event: 207.637 loading class org/openqa/selenium/remote/service/DriverCommandExecutor done
Event: 207.638 loading class io/netty/handler/codec/http/websocketx/PongWebSocketFrame
Event: 207.638 loading class io/netty/handler/codec/http/websocketx/PongWebSocketFrame done
Event: 207.639 Thread 0x000001ffff7ed800 Thread added: 0x000001ffff7ed800
Event: 207.639 loading class org/openqa/selenium/remote/Response
Event: 207.639 loading class org/openqa/selenium/remote/Response done
Event: 207.639 loading class org/openqa/selenium/remote/service/DriverCommandExecutor
Event: 207.639 loading class org/openqa/selenium/remote/service/DriverCommandExecutor done
Event: 207.641 Thread 0x000001ffff7ee800 Thread added: 0x000001ffff7ee800


Dynamic libraries:
0x00007ff680140000 - 0x00007ff68014d000 	C:\Program Files\Eclipse Adoptium\jdk-11.0.15.10-hotspot\bin\java.exe
0x00007ffddc6d0000 - 0x00007ffddc8c8000 	C:\WINDOWS\SYSTEM32\ntdll.dll
0x00007ffddc5d0000 - 0x00007ffddc68f000 	C:\WINDOWS\System32\KERNEL32.DLL
0x00007ffdda1b0000 - 0x00007ffdda482000 	C:\WINDOWS\System32\KERNELBASE.dll
0x00007ffdda490000 - 0x00007ffdda590000 	C:\WINDOWS\System32\ucrtbase.dll
0x00007ffda9a30000 - 0x00007ffda9a45000 	C:\Program Files\Eclipse Adoptium\jdk-11.0.15.10-hotspot\bin\VCRUNTIME140.dll
0x00007ffdaac90000 - 0x00007ffdaaca7000 	C:\Program Files\Eclipse Adoptium\jdk-11.0.15.10-hotspot\bin\jli.dll
0x00007ffdc7d00000 - 0x00007ffdc7f9a000 	C:\WINDOWS\WinSxS\amd64_microsoft.windows.common-controls_6595b64144ccf1df_6.0.19041.1110_none_60b5254171f9507e\COMCTL32.dll
0x00007ffddaf10000 - 0x00007ffddb0ad000 	C:\WINDOWS\System32\USER32.dll
0x00007ffddc310000 - 0x00007ffddc3ae000 	C:\WINDOWS\System32\msvcrt.dll
0x00007ffdda590000 - 0x00007ffdda5b2000 	C:\WINDOWS\System32\win32u.dll
0x00007ffddb580000 - 0x00007ffddb5ab000 	C:\WINDOWS\System32\GDI32.dll
0x00007ffdd9fe0000 - 0x00007ffdda0ef000 	C:\WINDOWS\System32\gdi32full.dll
0x00007ffdd9ed0000 - 0x00007ffdd9f6d000 	C:\WINDOWS\System32\msvcp_win.dll
0x00007ffddc260000 - 0x00007ffddc292000 	C:\WINDOWS\System32\IMM32.DLL
0x00007ffd87610000 - 0x00007ffd876ab000 	C:\Program Files\Eclipse Adoptium\jdk-11.0.15.10-hotspot\bin\msvcp140.dll
0x00007ffd86a80000 - 0x00007ffd87601000 	C:\Program Files\Eclipse Adoptium\jdk-11.0.15.10-hotspot\bin\server\jvm.dll
0x00007ffddb410000 - 0x00007ffddb4be000 	C:\WINDOWS\System32\ADVAPI32.dll
0x00007ffddc530000 - 0x00007ffddc5cc000 	C:\WINDOWS\System32\sechost.dll
0x00007ffddb640000 - 0x00007ffddb765000 	C:\WINDOWS\System32\RPCRT4.dll
0x00007ffdda720000 - 0x00007ffdda728000 	C:\WINDOWS\System32\PSAPI.DLL
0x00007ffdbc930000 - 0x00007ffdbc939000 	C:\WINDOWS\SYSTEM32\WSOCK32.dll
0x00007ffdc4990000 - 0x00007ffdc49b7000 	C:\WINDOWS\SYSTEM32\WINMM.dll
0x00007ffddc2a0000 - 0x00007ffddc30b000 	C:\WINDOWS\System32\WS2_32.dll
0x00007ffdcafe0000 - 0x00007ffdcafea000 	C:\WINDOWS\SYSTEM32\VERSION.dll
0x00007ffdd8620000 - 0x00007ffdd8632000 	C:\WINDOWS\SYSTEM32\kernel.appcore.dll
0x00007ffdc66e0000 - 0x00007ffdc66f0000 	C:\Program Files\Eclipse Adoptium\jdk-11.0.15.10-hotspot\bin\verify.dll
0x00007ffdd8330000 - 0x00007ffdd8514000 	C:\WINDOWS\SYSTEM32\DBGHELP.DLL
0x00007ffdc8a70000 - 0x00007ffdc8a9c000 	C:\WINDOWS\SYSTEM32\dbgcore.DLL
0x00007ffdda0f0000 - 0x00007ffdda172000 	C:\WINDOWS\System32\bcryptPrimitives.dll
0x00007ffd86a50000 - 0x00007ffd86a78000 	C:\Program Files\Eclipse Adoptium\jdk-11.0.15.10-hotspot\bin\java.dll
0x00007ffdc5fd0000 - 0x00007ffdc5fda000 	C:\Program Files\Eclipse Adoptium\jdk-11.0.15.10-hotspot\bin\jimage.dll
0x00007ffd9bb70000 - 0x00007ffd9bb88000 	C:\Program Files\Eclipse Adoptium\jdk-11.0.15.10-hotspot\bin\zip.dll
0x00007ffddb890000 - 0x00007ffddbfd3000 	C:\WINDOWS\System32\SHELL32.dll
0x00007ffdd7ac0000 - 0x00007ffdd8252000 	C:\WINDOWS\SYSTEM32\windows.storage.dll
0x00007ffddabb0000 - 0x00007ffddaf04000 	C:\WINDOWS\System32\combase.dll
0x00007ffdd9750000 - 0x00007ffdd9780000 	C:\WINDOWS\SYSTEM32\Wldp.dll
0x00007ffddb7e0000 - 0x00007ffddb88d000 	C:\WINDOWS\System32\SHCORE.dll
0x00007ffddb0b0000 - 0x00007ffddb105000 	C:\WINDOWS\System32\shlwapi.dll
0x00007ffdd9d10000 - 0x00007ffdd9d2f000 	C:\WINDOWS\SYSTEM32\profapi.dll
0x00007ffd92e70000 - 0x00007ffd92e89000 	C:\Program Files\Eclipse Adoptium\jdk-11.0.15.10-hotspot\bin\net.dll
0x00007ffdca440000 - 0x00007ffdca54c000 	C:\WINDOWS\SYSTEM32\WINHTTP.dll
0x00007ffdd94b0000 - 0x00007ffdd951a000 	C:\WINDOWS\system32\mswsock.dll
0x00007ffd83870000 - 0x00007ffd83883000 	C:\Program Files\Eclipse Adoptium\jdk-11.0.15.10-hotspot\bin\nio.dll
0x00007ffdd2e60000 - 0x00007ffdd2e69000 	C:\Program Files\Eclipse Adoptium\jdk-11.0.15.10-hotspot\bin\management.dll
0x00007ffdbf480000 - 0x00007ffdbf48b000 	C:\Program Files\Eclipse Adoptium\jdk-11.0.15.10-hotspot\bin\management_ext.dll
0x00007ffd829e0000 - 0x00007ffd82a05000 	C:\Program Files\Eclipse Adoptium\jdk-11.0.15.10-hotspot\bin\sunec.dll
0x00007ffdd96b0000 - 0x00007ffdd96c8000 	C:\WINDOWS\SYSTEM32\CRYPTSP.dll
0x00007ffdd8dd0000 - 0x00007ffdd8e04000 	C:\WINDOWS\system32\rsaenh.dll
0x00007ffdda180000 - 0x00007ffdda1a7000 	C:\WINDOWS\System32\bcrypt.dll
0x00007ffdd9cd0000 - 0x00007ffdd9cfe000 	C:\WINDOWS\SYSTEM32\USERENV.dll
0x00007ffdd96a0000 - 0x00007ffdd96ac000 	C:\WINDOWS\SYSTEM32\CRYPTBASE.dll
0x00007ffdd91a0000 - 0x00007ffdd91db000 	C:\WINDOWS\SYSTEM32\IPHLPAPI.DLL
0x00007ffddb770000 - 0x00007ffddb778000 	C:\WINDOWS\System32\NSI.dll
0x00007ffdc9f40000 - 0x00007ffdc9f57000 	C:\WINDOWS\SYSTEM32\dhcpcsvc6.DLL
0x00007ffdca040000 - 0x00007ffdca05d000 	C:\WINDOWS\SYSTEM32\dhcpcsvc.DLL
0x00007ffdd91e0000 - 0x00007ffdd92aa000 	C:\WINDOWS\SYSTEM32\DNSAPI.dll
0x00007ffdcafd0000 - 0x00007ffdcafda000 	C:\Windows\System32\rasadhlp.dll
0x00007ffdc4790000 - 0x00007ffdc4810000 	C:\WINDOWS\System32\fwpuclnt.dll
0x00007ffdd6fc0000 - 0x00007ffdd6fce000 	C:\Program Files\Eclipse Adoptium\jdk-11.0.15.10-hotspot\bin\sunmscapi.dll
0x00007ffdda5c0000 - 0x00007ffdda716000 	C:\WINDOWS\System32\CRYPT32.dll
0x00007ffdd97c0000 - 0x00007ffdd97e7000 	C:\WINDOWS\SYSTEM32\ncrypt.dll
0x00007ffdd9780000 - 0x00007ffdd97bb000 	C:\WINDOWS\SYSTEM32\NTASN1.dll
0x00007ffdb9230000 - 0x00007ffdb9247000 	C:\WINDOWS\system32\napinsp.dll
0x00007ffdb9210000 - 0x00007ffdb922b000 	C:\WINDOWS\system32\pnrpnsp.dll
0x00007ffdd4e70000 - 0x00007ffdd4e8d000 	C:\WINDOWS\system32\NLAapi.dll
0x00007ffdd3f80000 - 0x00007ffdd3f95000 	C:\WINDOWS\system32\wshbth.dll
0x00007ffdb8900000 - 0x00007ffdb8912000 	C:\WINDOWS\System32\winrnr.dll

dbghelp: loaded successfully - version: 4.0.5 - missing functions: none
symbol engine: initialized successfully - sym options: 0x614 - pdb path: .;C:\Program Files\Eclipse Adoptium\jdk-11.0.15.10-hotspot\bin;C:\WINDOWS\SYSTEM32;C:\WINDOWS\WinSxS\amd64_microsoft.windows.common-controls_6595b64144ccf1df_6.0.19041.1110_none_60b5254171f9507e;C:\Program Files\Eclipse Adoptium\jdk-11.0.15.10-hotspot\bin\server

VM Arguments:
java_command: C:\Users\white\AppData\Local\Temp\surefire1254729964904191294\surefirebooter-20221221144323490_3.jar C:\Users\white\AppData\Local\Temp\surefire1254729964904191294 2022-12-21T14-43-22_246-jvmRun1 surefire-20221221144323490_1tmp surefire_0-20221221144323490_2tmp
java_class_path (initial): C:\Users\white\AppData\Local\Temp\surefire1254729964904191294\surefirebooter-20221221144323490_3.jar
Launcher Type: SUN_STANDARD

[Global flags]
     intx CICompilerCount                          = 3                                         {product} {ergonomic}
     uint ConcGCThreads                            = 1                                         {product} {ergonomic}
     uint G1ConcRefinementThreads                  = 4                                         {product} {ergonomic}
   size_t G1HeapRegionSize                         = 1048576                                   {product} {ergonomic}
    uintx GCDrainStackTargetSize                   = 64                                        {product} {ergonomic}
   size_t InitialHeapSize                          = 134217728                                 {product} {ergonomic}
   size_t MarkStackSize                            = 4194304                                   {product} {ergonomic}
   size_t MaxHeapSize                              = 2118123520                                {product} {ergonomic}
   size_t MaxNewSize                               = 1270874112                                {product} {ergonomic}
   size_t MinHeapDeltaBytes                        = 1048576                                   {product} {ergonomic}
    uintx NonNMethodCodeHeapSize                   = 5830732                                {pd product} {ergonomic}
    uintx NonProfiledCodeHeapSize                  = 122913754                              {pd product} {ergonomic}
    uintx ProfiledCodeHeapSize                     = 122913754                              {pd product} {ergonomic}
    uintx ReservedCodeCacheSize                    = 251658240                              {pd product} {ergonomic}
     bool SegmentedCodeCache                       = true                                      {product} {ergonomic}
     bool UseCompressedClassPointers               = true                                 {lp64_product} {ergonomic}
     bool UseCompressedOops                        = true                                 {lp64_product} {ergonomic}
     bool UseG1GC                                  = true                                      {product} {ergonomic}
     bool UseLargePagesIndividualAllocation        = false                                  {pd product} {ergonomic}

Logging:
Log output configuration:
 #0: stdout all=warning uptime,level,tags
 #1: stderr all=off uptime,level,tags

Environment Variables:
JAVA_HOME=C:\Program Files\Eclipse Adoptium\jdk-11.0.15.10-hotspot
PATH=C:\Users\white\Downloads\apache-maven-3.8.6/bin;C:\Program Files\Eclipse Adoptium\jdk-11.0.15.10-hotspot/bin;C:\Users\white\.jenkins\tools\chromedriver;C:\Program Files\Eclipse Adoptium\jdk-11.0.15.10-hotspot/bin;C:\Program Files\Eclipse Adoptium\jdk-11.0.15.10-hotspot\bin;C:\WINDOWS\system32;C:\WINDOWS;C:\WINDOWS\System32\Wbem;C:\WINDOWS\System32\WindowsPowerShell\v1.0\;C:\WINDOWS\System32\OpenSSH\;C:\Program Files\dotnet\;C:\Program Files (x86)\Intel\Intel(R) Management Engine Components\DAL;C:\Program Files\Intel\Intel(R) Management Engine Components\DAL;C:\Program Files\Git\cmd;C:\Program Files\Amazon\AWSCLIV2\;C:\Program Files\PuTTY\;C:\Users\white\Downloads\apache-maven-3.8.6\bin;C:\Program Files\MySQL\MySQL Shell 8.0\bin\;C:\Users\white\AppData\Local\Microsoft\WindowsApps;;C:\Users\white\AppData\Local\Programs\Microsoft VS Code\bin
USERNAME=white
OS=Windows_NT
PROCESSOR_IDENTIFIER=Intel64 Family 6 Model 142 Stepping 9, GenuineIntel



---------------  S Y S T E M  ---------------

OS: Windows 10 , 64 bit Build 19041 (10.0.19041.2251)
OS uptime: 26 days 4:13 hours

CPU:total 4 (initial active 4) (2 cores per cpu, 2 threads per core) family 6 model 142 stepping 9 microcode 0xec, cmov, cx8, fxsr, mmx, sse, sse2, sse3, ssse3, sse4.1, sse4.2, popcnt, avx, avx2, aes, clmul, erms, rtm, 3dnowpref, lzcnt, ht, tsc, tscinvbit, bmi1, bmi2, adx, fma

Memory: 4k page, system-wide physical 8073M (336M free)
TotalPageFile size 26017M (AvailPageFile size 60M)
current process WorkingSet (physical memory assigned to process): 165M, peak: 261M
current process commit charge ("private bytes"): 330M, peak: 333M

vm_info: OpenJDK 64-Bit Server VM (11.0.15+10) for windows-amd64 JRE (11.0.15+10), built on Apr 19 2022 22:29:44 by "" with unknown MS VC++:1916

END.
